<?xml version="1.0" encoding="UTF-8"?>
<!-- Generated by org.testng.reporters.JUnitReportReporter -->
<testsuite hostname="DESKTOP-7S4N7UG" failures="0" tests="5" name="Mentoring_Selenium.Mentoring_P1.TestNG_P2" time="0.038" errors="0" timestamp="12 Jun 2020 02:41:57 GMT" skipped="2">
  <testcase classname="Mentoring_Selenium.Mentoring_P1.TestNG_P2" name="openURL" time="0.036"/>
  <testcase classname="Mentoring_Selenium.Mentoring_P1.TestNG_P2" name="login" time="0.001"/>
  <testcase classname="Mentoring_Selenium.Mentoring_P1.TestNG_P2" name="logout" time="0.001"/>
  <testcase classname="Mentoring_Selenium.Mentoring_P1.TestNG_P2" name="advancesearch">
    <skipped/>
  </testcase> <!-- advancesearch -->
  <testcase classname="Mentoring_Selenium.Mentoring_P1.TestNG_P2" name="search">
    <skipped/>
  </testcase> <!-- search -->
</testsuite> <!-- Mentoring_Selenium.Mentoring_P1.TestNG_P2 -->
