<?xml version="1.0" encoding="UTF-8"?>
<!-- Generated by org.testng.reporters.JUnitReportReporter -->
<testsuite hostname="DESKTOP-7S4N7UG" failures="0" tests="3" name="Mentoring_Selenium.Mentoring_P1.TestNG_P1" time="0.007" errors="0" timestamp="29 Jun 2020 23:05:45 GMT" skipped="0">
  <testcase classname="Mentoring_Selenium.Mentoring_P1.TestNG_P1" name="AdvancedSeacrch" time="0.004"/>
  <testcase classname="Mentoring_Selenium.Mentoring_P1.TestNG_P1" name="SearchToys" time="0.001"/>
  <testcase classname="Mentoring_Selenium.Mentoring_P1.TestNG_P1" name="f" time="0.002"/>
</testsuite> <!-- Mentoring_Selenium.Mentoring_P1.TestNG_P1 -->
